c:\glimproject\webptest\webpconverter\x64\release\webpconverter.pch
c:\glimproject\webptest\webpconverter\x64\release\vc143.pdb
c:\glimproject\webptest\webpconverter\x64\release\pch.obj
c:\glimproject\webptest\webpconverter\x64\release\webpconverterdlg.obj
c:\glimproject\webptest\webpconverter\x64\release\webpconverter.obj
c:\glimproject\webptest\webpconverter\x64\release\convertmanager.obj
c:\glimproject\webptest\webpconverter\x64\release\common.obj
c:\glimproject\webptest\x64\release\webpconverter.exe
c:\glimproject\webptest\x64\release\webpconverter.pdb
c:\glimproject\webptest\webpconverter\x64\release\webpconverter.res
c:\glimproject\webptest\webpconverter\x64\release\webpconverter.ipdb
c:\glimproject\webptest\webpconverter\x64\release\webpconverter.iobj
c:\glimproject\webptest\webpconverter\x64\release\webpconverter.tlog\cl.command.1.tlog
c:\glimproject\webptest\webpconverter\x64\release\webpconverter.tlog\cl.items.tlog
c:\glimproject\webptest\webpconverter\x64\release\webpconverter.tlog\cl.read.1.tlog
c:\glimproject\webptest\webpconverter\x64\release\webpconverter.tlog\cl.write.1.tlog
c:\glimproject\webptest\webpconverter\x64\release\webpconverter.tlog\link.command.1.tlog
c:\glimproject\webptest\webpconverter\x64\release\webpconverter.tlog\link.read.1.tlog
c:\glimproject\webptest\webpconverter\x64\release\webpconverter.tlog\link.secondary.1.tlog
c:\glimproject\webptest\webpconverter\x64\release\webpconverter.tlog\link.write.1.tlog
c:\glimproject\webptest\webpconverter\x64\release\webpconverter.tlog\rc.command.1.tlog
c:\glimproject\webptest\webpconverter\x64\release\webpconverter.tlog\rc.read.1.tlog
c:\glimproject\webptest\webpconverter\x64\release\webpconverter.tlog\rc.write.1.tlog
