c:\glimproject\webptest\webpconverter\x64\debug\webpconverter.pch
c:\glimproject\webptest\webpconverter\x64\debug\vc143.pdb
c:\glimproject\webptest\webpconverter\x64\debug\vc143.idb
c:\glimproject\webptest\webpconverter\x64\debug\pch.obj
c:\glimproject\webptest\webpconverter\x64\debug\webpconverter.obj
c:\glimproject\webptest\webpconverter\x64\debug\common.obj
c:\glimproject\webptest\webpconverter\x64\debug\convertmanager.obj
c:\glimproject\webptest\webpconverter\x64\debug\webpconverterdlg.obj
c:\glimproject\webptest\x64\debug\webpconverter.exe
c:\glimproject\webptest\x64\debug\webpconverter.pdb
c:\glimproject\webptest\webpconverter\x64\debug\webpconverter.res
c:\glimproject\webptest\webpconverter\x64\debug\webpconverter.ilk
c:\glimproject\webptest\webpconverter\x64\debug\webpconverter.tlog\cl.command.1.tlog
c:\glimproject\webptest\webpconverter\x64\debug\webpconverter.tlog\cl.items.tlog
c:\glimproject\webptest\webpconverter\x64\debug\webpconverter.tlog\cl.read.1.tlog
c:\glimproject\webptest\webpconverter\x64\debug\webpconverter.tlog\cl.write.1.tlog
c:\glimproject\webptest\webpconverter\x64\debug\webpconverter.tlog\link.command.1.tlog
c:\glimproject\webptest\webpconverter\x64\debug\webpconverter.tlog\link.read.1.tlog
c:\glimproject\webptest\webpconverter\x64\debug\webpconverter.tlog\link.secondary.1.tlog
c:\glimproject\webptest\webpconverter\x64\debug\webpconverter.tlog\link.write.1.tlog
c:\glimproject\webptest\webpconverter\x64\debug\webpconverter.tlog\rc.command.1.tlog
c:\glimproject\webptest\webpconverter\x64\debug\webpconverter.tlog\rc.read.1.tlog
c:\glimproject\webptest\webpconverter\x64\debug\webpconverter.tlog\rc.write.1.tlog
